2026-04-15 07:24:14,068 [INFO] scrapers.run_all - evento=run_all_inicio total=700 runnable=372 mode=production dry_run=False max=None
2026-04-15 07:24:14,539 [INFO] scraper.empleos_publicos - evento=inicio scraper=scraper.empleos_publicos dry_run=False
2026-04-15 07:24:14,542 [INFO] scraper.empleos_publicos - evento=pagina_inicio scraper=scraper.empleos_publicos pagina=1 url=https://www.empleospublicos.cl/pub/convocatorias/convocatorias.aspx
2026-04-15 07:24:17,491 [INFO] scraper.empleos_publicos - evento=listado_completo scraper=scraper.empleos_publicos paginas=1 ofertas=187
2026-04-15 07:24:19,303 [WARNING] scraper.empleos_publicos - evento=institucion_no_match scraper=scraper.empleos_publicos institucion=Dirección Regional Valparaíso Servicio de Protección
2026-04-15 07:24:19,453 [WARNING] scraper.empleos_publicos - evento=institucion_no_match scraper=scraper.empleos_publicos institucion=Centro Oncológico del Norte
2026-04-15 07:24:19,594 [WARNING] scraper.empleos_publicos - evento=institucion_no_match scraper=scraper.empleos_publicos institucion=Dirección Regional de La Araucanía Servicio de Protección
2026-04-15 07:24:19,990 [WARNING] scraper.empleos_publicos - evento=institucion_no_match scraper=scraper.empleos_publicos institucion=Dirección Regional Metropolitana Servicio de Protección
2026-04-15 07:24:21,981 [WARNING] scraper.empleos_publicos - evento=institucion_no_match scraper=scraper.empleos_publicos institucion=Dirección Regional Metropolitana Servicio de Protección
2026-04-15 07:24:22,647 [WARNING] scraper.empleos_publicos - evento=institucion_no_match scraper=scraper.empleos_publicos institucion=Dirección Regional de La Araucanía Servicio de Protección
2026-04-15 07:24:22,926 [WARNING] scraper.empleos_publicos - evento=institucion_no_match scraper=scraper.empleos_publicos institucion=CRS "Dr. Salvador Allende Gossens"
2026-04-15 07:24:24,496 [WARNING] scraper.empleos_publicos - evento=institucion_no_match scraper=scraper.empleos_publicos institucion=Dirección Regional Valparaíso Servicio de Protección
2026-04-15 07:24:24,994 [WARNING] scraper.empleos_publicos - evento=institucion_no_match scraper=scraper.empleos_publicos institucion=Dirección Regional de Obras Hidráulicas Región de Coquimbo
2026-04-15 07:24:25,339 [WARNING] scraper.empleos_publicos - evento=institucion_no_match scraper=scraper.empleos_publicos institucion=Centro de Referencia de Salud Peñalolén Cordillera Oriente
2026-04-15 07:24:28,669 [WARNING] scraper.empleos_publicos - evento=institucion_no_match scraper=scraper.empleos_publicos institucion=Centro de Formación Técnica de la Región de La Araucanía
2026-04-15 07:24:29,594 [WARNING] scraper.empleos_publicos - evento=institucion_no_match scraper=scraper.empleos_publicos institucion=Centro de Referencia de Salud Peñalolén Cordillera Oriente
2026-04-15 07:24:29,913 [WARNING] scraper.empleos_publicos - evento=institucion_no_match scraper=scraper.empleos_publicos institucion=Centro de Referencia de Salud Peñalolén Cordillera Oriente
2026-04-15 07:24:30,258 [WARNING] scraper.empleos_publicos - evento=institucion_no_match scraper=scraper.empleos_publicos institucion=Centro de Referencia de Salud Peñalolén Cordillera Oriente
2026-04-15 07:24:30,584 [WARNING] scraper.empleos_publicos - evento=institucion_no_match scraper=scraper.empleos_publicos institucion=Centro de Referencia de Salud Peñalolén Cordillera Oriente
2026-04-15 07:24:30,767 [WARNING] scraper.empleos_publicos - evento=institucion_no_match scraper=scraper.empleos_publicos institucion=Centro de Referencia de Salud Peñalolén Cordillera Oriente
2026-04-15 07:24:32,155 [WARNING] scraper.empleos_publicos - evento=institucion_no_match scraper=scraper.empleos_publicos institucion=Instituto de Neurocirugía Dr. Alfonso Asenjo
2026-04-15 07:24:32,558 [WARNING] scraper.empleos_publicos - evento=institucion_no_match scraper=scraper.empleos_publicos institucion=Dirección Regional del Biobío SNRSJ
2026-04-15 07:24:32,837 [WARNING] scraper.empleos_publicos - evento=institucion_no_match scraper=scraper.empleos_publicos institucion=Dirección Regional Metropolitana Servicio de Protección
2026-04-15 07:24:34,896 [WARNING] scraper.empleos_publicos - evento=institucion_no_match scraper=scraper.empleos_publicos institucion=Dirección Regional Metropolitana Servicio de Protección
2026-04-15 07:24:42,812 [WARNING] scraper.empleos_publicos - evento=institucion_no_match scraper=scraper.empleos_publicos institucion=Instituto de Neurocirugía Dr. Alfonso Asenjo
2026-04-15 07:24:43,706 [WARNING] scraper.empleos_publicos - evento=institucion_no_match scraper=scraper.empleos_publicos institucion=Instituto de Neurocirugía Dr. Alfonso Asenjo
2026-04-15 07:24:43,976 [WARNING] scraper.empleos_publicos - evento=institucion_no_match scraper=scraper.empleos_publicos institucion=Instituto de Neurocirugía Dr. Alfonso Asenjo
2026-04-15 07:24:47,896 [WARNING] scraper.empleos_publicos - evento=institucion_no_match scraper=scraper.empleos_publicos institucion=Instituto Psiquiátrico Dr. José Horwitz Barak
2026-04-15 07:24:48,177 [WARNING] scraper.empleos_publicos - evento=institucion_no_match scraper=scraper.empleos_publicos institucion=Dirección Regional de Arica y Parinacota Servicio de Protección
2026-04-15 07:24:49,933 [WARNING] scraper.empleos_publicos - evento=institucion_no_match scraper=scraper.empleos_publicos institucion=Facultad de Ciencias Físicas y Matemáticas
2026-04-15 07:24:50,224 [WARNING] scraper.empleos_publicos - evento=institucion_no_match scraper=scraper.empleos_publicos institucion=Facultad de Ciencias Físicas y Matemáticas
2026-04-15 07:24:50,782 [WARNING] scraper.empleos_publicos - evento=institucion_no_match scraper=scraper.empleos_publicos institucion=CRS "Dr. Salvador Allende Gossens"
2026-04-15 07:24:55,692 [WARNING] scraper.empleos_publicos - evento=institucion_no_match scraper=scraper.empleos_publicos institucion=Facultad de Ciencias Físicas y Matemáticas
2026-04-15 07:24:57,999 [WARNING] scraper.empleos_publicos - evento=institucion_no_match scraper=scraper.empleos_publicos institucion=Complejo Asistencial Dr. Sótero del Río
2026-04-15 07:24:59,791 [WARNING] scraper.empleos_publicos - evento=institucion_no_match scraper=scraper.empleos_publicos institucion=Dirección Regional Metropolitana Servicio de Protección
2026-04-15 07:25:01,004 [WARNING] scraper.empleos_publicos - evento=institucion_no_match scraper=scraper.empleos_publicos institucion=Dirección Regional de Magallanes SNRSJ
2026-04-15 07:25:01,309 [WARNING] scraper.empleos_publicos - evento=institucion_no_match scraper=scraper.empleos_publicos institucion=Dirección Regional de Coquimbo SNRSJ
2026-04-15 07:25:01,662 [WARNING] scraper.empleos_publicos - evento=institucion_no_match scraper=scraper.empleos_publicos institucion=Servicio Local de Educación Pública de Santiago Centro
2026-04-15 07:25:04,313 [WARNING] scraper.empleos_publicos - evento=institucion_no_match scraper=scraper.empleos_publicos institucion=Dirección Regional del Biobío Servicio de Protección
2026-04-15 07:25:09,326 [WARNING] scraper.empleos_publicos - evento=institucion_no_match scraper=scraper.empleos_publicos institucion=CRS "Dr. Salvador Allende Gossens"
2026-04-15 07:25:23,083 [INFO] scraper.empleos_publicos - evento=ofertas_obtenidas scraper=scraper.empleos_publicos cantidad=187
2026-04-15 07:25:23,092 [WARNING] scraper.empleos_publicos - evento=institucion_no_match scraper=scraper.empleos_publicos institucion=Dirección Regional Valparaíso Servicio de Protección
2026-04-15 07:25:23,092 [WARNING] scraper.empleos_publicos - evento=skip_oferta_sin_match scraper=scraper.empleos_publicos institucion=Dirección Regional Valparaíso Servicio de Protección cargo=Base de Datos: Reemplazo Psicólogo (a) Programa Familia Acogida Especializada (FAE) - Programa FAE Administración Directa (AADD) Viña del Mar - Región de Valparaíso - BBDD 14.04.2026
2026-04-15 07:25:23,102 [WARNING] scraper.empleos_publicos - evento=institucion_no_match scraper=scraper.empleos_publicos institucion=Centro Oncológico del Norte
2026-04-15 07:25:23,102 [WARNING] scraper.empleos_publicos - evento=skip_oferta_sin_match scraper=scraper.empleos_publicos institucion=Centro Oncológico del Norte cargo=ENFERMERA (O) UNIDAD CUIDADOS PALIATIVOS Y ALIVIO DEL DOLOR PRE Y POST NATAL
2026-04-15 07:25:23,111 [WARNING] scraper.empleos_publicos - evento=institucion_no_match scraper=scraper.empleos_publicos institucion=Dirección Regional de La Araucanía Servicio de Protección
2026-04-15 07:25:23,111 [WARNING] scraper.empleos_publicos - evento=skip_oferta_sin_match scraper=scraper.empleos_publicos institucion=Dirección Regional de La Araucanía Servicio de Protección cargo=Base de Datos: Reemplazo Encargado(a) de Vida Familiar – Residencias Familiares – Región de La Araucanía - BBDD 14.04.2026
2026-04-15 07:25:23,117 [WARNING] scraper.empleos_publicos - evento=institucion_no_match scraper=scraper.empleos_publicos institucion=Dirección Regional Metropolitana Servicio de Protección
2026-04-15 07:25:23,118 [WARNING] scraper.empleos_publicos - evento=skip_oferta_sin_match scraper=scraper.empleos_publicos institucion=Dirección Regional Metropolitana Servicio de Protección cargo=Técnico en Enfermería de Nivel Superior (TENS) - Honorarios - Residencia Familiar Miguel Claro - Región Metropolitana PRS 14.04.2026
2026-04-15 07:25:23,125 [WARNING] scraper.empleos_publicos - evento=institucion_no_match scraper=scraper.empleos_publicos institucion=Dirección Regional Metropolitana Servicio de Protección
2026-04-15 07:25:23,125 [WARNING] scraper.empleos_publicos - evento=skip_oferta_sin_match scraper=scraper.empleos_publicos institucion=Dirección Regional Metropolitana Servicio de Protección cargo=(BASE DE DATOS REEMPLAZO) Encargado (a) Vida Familiar - Residencias Familiares - Región Metropolitana - BBDD 14.04.2026
2026-04-15 07:25:23,149 [WARNING] scraper.empleos_publicos - evento=institucion_no_match scraper=scraper.empleos_publicos institucion=Dirección Regional de La Araucanía Servicio de Protección
2026-04-15 07:25:23,149 [WARNING] scraper.empleos_publicos - evento=skip_oferta_sin_match scraper=scraper.empleos_publicos institucion=Dirección Regional de La Araucanía Servicio de Protección cargo=Base de Datos: Técnico en Enfermería – Residencias Familiares – Región de La Araucanía – BBDD 14.04.2026
2026-04-15 07:25:23,161 [WARNING] scraper.empleos_publicos - evento=institucion_no_match scraper=scraper.empleos_publicos institucion=CRS "Dr. Salvador Allende Gossens"
2026-04-15 07:25:23,162 [WARNING] scraper.empleos_publicos - evento=skip_oferta_sin_match scraper=scraper.empleos_publicos institucion=CRS "Dr. Salvador Allende Gossens" cargo=TONSTENS UNIDAD DE ODONTOLOGÍA - 44Hrs. - Centro de Referencia de Salud “Dr. Salvador Allende Gossens”
2026-04-15 07:25:23,169 [WARNING] scraper.empleos_publicos - evento=institucion_no_match scraper=scraper.empleos_publicos institucion=Dirección Regional Valparaíso Servicio de Protección
2026-04-15 07:25:23,169 [WARNING] scraper.empleos_publicos - evento=skip_oferta_sin_match scraper=scraper.empleos_publicos institucion=Dirección Regional Valparaíso Servicio de Protección cargo=(BBDD) Enfermera (o) Programa Familia Acogida Especializada (FAE) - Programa FAE Administración Directa (AADD) Viña del Mar - Región de Valparaíso - BBDD 13.04.2025
2026-04-15 07:25:23,174 [WARNING] scraper.empleos_publicos - evento=institucion_no_match scraper=scraper.empleos_publicos institucion=Dirección Regional de Obras Hidráulicas Región de Coquimbo
2026-04-15 07:25:23,174 [WARNING] scraper.empleos_publicos - evento=skip_oferta_sin_match scraper=scraper.empleos_publicos institucion=Dirección Regional de Obras Hidráulicas Región de Coquimbo cargo=Contador(a) de Gestión Comunitaria
2026-04-15 07:25:23,177 [WARNING] scraper.empleos_publicos - evento=institucion_no_match scraper=scraper.empleos_publicos institucion=Centro de Referencia de Salud Peñalolén Cordillera Oriente
2026-04-15 07:25:23,177 [WARNING] scraper.empleos_publicos - evento=skip_oferta_sin_match scraper=scraper.empleos_publicos institucion=Centro de Referencia de Salud Peñalolén Cordillera Oriente cargo=01 - Jefe(a) Unidad de Calidad y Seguridad del Paciente (44 horas).
2026-04-15 07:25:23,183 [WARNING] scraper.empleos_publicos - evento=institucion_no_match scraper=scraper.empleos_publicos institucion=Centro de Formación Técnica de la Región de La Araucanía
2026-04-15 07:25:23,183 [WARNING] scraper.empleos_publicos - evento=skip_oferta_sin_match scraper=scraper.empleos_publicos institucion=Centro de Formación Técnica de la Región de La Araucanía cargo=PROFESIONAL ADQUISICIONES Y CONTRATACIONES PÚBLICAS CASA CENTRAL LAUTARO ,CON POSIBILIDAD DE CONTRATO INDEFINIDO.
2026-04-15 07:25:23,187 [WARNING] scraper.empleos_publicos - evento=institucion_no_match scraper=scraper.empleos_publicos institucion=Centro de Referencia de Salud Peñalolén Cordillera Oriente
2026-04-15 07:25:23,187 [WARNING] scraper.empleos_publicos - evento=skip_oferta_sin_match scraper=scraper.empleos_publicos institucion=Centro de Referencia de Salud Peñalolén Cordillera Oriente cargo=06 - Administrativo(a) Unidad de Gestión de Personas (44 horas).
2026-04-15 07:25:23,191 [WARNING] scraper.empleos_publicos - evento=institucion_no_match scraper=scraper.empleos_publicos institucion=Centro de Referencia de Salud Peñalolén Cordillera Oriente
2026-04-15 07:25:23,191 [WARNING] scraper.empleos_publicos - evento=skip_oferta_sin_match scraper=scraper.empleos_publicos institucion=Centro de Referencia de Salud Peñalolén Cordillera Oriente cargo=05 - Técnico Paramédico Unidad de Especialidades (44 horas).
2026-04-15 07:25:23,195 [WARNING] scraper.empleos_publicos - evento=institucion_no_match scraper=scraper.empleos_publicos institucion=Centro de Referencia de Salud Peñalolén Cordillera Oriente
2026-04-15 07:25:23,195 [WARNING] scraper.empleos_publicos - evento=skip_oferta_sin_match scraper=scraper.empleos_publicos institucion=Centro de Referencia de Salud Peñalolén Cordillera Oriente cargo=04 - Administrativo(a) área Exámenes Especiales y críticos (44 horas).
2026-04-15 07:25:23,199 [WARNING] scraper.empleos_publicos - evento=institucion_no_match scraper=scraper.empleos_publicos institucion=Centro de Referencia de Salud Peñalolén Cordillera Oriente
2026-04-15 07:25:23,199 [WARNING] scraper.empleos_publicos - evento=skip_oferta_sin_match scraper=scraper.empleos_publicos institucion=Centro de Referencia de Salud Peñalolén Cordillera Oriente cargo=03 - Técnico Paramédico Unidad de Laboratorio (44 horas).
2026-04-15 07:25:23,203 [WARNING] scraper.empleos_publicos - evento=institucion_no_match scraper=scraper.empleos_publicos institucion=Centro de Referencia de Salud Peñalolén Cordillera Oriente
2026-04-15 07:25:23,203 [WARNING] scraper.empleos_publicos - evento=skip_oferta_sin_match scraper=scraper.empleos_publicos institucion=Centro de Referencia de Salud Peñalolén Cordillera Oriente cargo=02 - Psicólogo(a) Clínico(a) Infanto Juvenil (22 horas).
2026-04-15 07:25:23,209 [WARNING] scraper.empleos_publicos - evento=institucion_no_match scraper=scraper.empleos_publicos institucion=Instituto de Neurocirugía Dr. Alfonso Asenjo
2026-04-15 07:25:23,210 [WARNING] scraper.empleos_publicos - evento=skip_oferta_sin_match scraper=scraper.empleos_publicos institucion=Instituto de Neurocirugía Dr. Alfonso Asenjo cargo=Auxiliar de Servicio - SDGC
2026-04-15 07:25:23,223 [WARNING] scraper.empleos_publicos - evento=institucion_no_match scraper=scraper.empleos_publicos institucion=Dirección Regional del Biobío SNRSJ
2026-04-15 07:25:23,224 [WARNING] scraper.empleos_publicos - evento=skip_oferta_sin_match scraper=scraper.empleos_publicos institucion=Dirección Regional del Biobío SNRSJ cargo=MEDIADOR(A) PENAL JUVENIL (PRS N°9 de 2026)
2026-04-15 07:25:23,230 [WARNING] scraper.empleos_publicos - evento=institucion_no_match scraper=scraper.empleos_publicos institucion=Dirección Regional Metropolitana Servicio de Protección
2026-04-15 07:25:23,230 [WARNING] scraper.empleos_publicos - evento=skip_oferta_sin_match scraper=scraper.empleos_publicos institucion=Dirección Regional Metropolitana Servicio de Protección cargo=Reemplazo Pre y Post Natal: Trabajador (a) Social de Protección Especializada - Residencia Familiar Miguel Claro - Región Metropolitana - PRS 13.04.2026
2026-04-15 07:25:23,238 [WARNING] scraper.empleos_publicos - evento=institucion_no_match scraper=scraper.empleos_publicos institucion=Dirección Regional Metropolitana Servicio de Protección
2026-04-15 07:25:23,239 [WARNING] scraper.empleos_publicos - evento=skip_oferta_sin_match scraper=scraper.empleos_publicos institucion=Dirección Regional Metropolitana Servicio de Protección cargo=(REEMPLAZO BASE DE DATOS) Técnico en Enfermería de Nivel Superior (TENS) - Residencias Familiares - Región Metropolitana PRS 13.04.2026
2026-04-15 07:25:23,247 [WARNING] scraper.empleos_publicos - evento=institucion_no_match scraper=scraper.empleos_publicos institucion=Instituto de Neurocirugía Dr. Alfonso Asenjo
2026-04-15 07:25:23,247 [WARNING] scraper.empleos_publicos - evento=skip_oferta_sin_match scraper=scraper.empleos_publicos institucion=Instituto de Neurocirugía Dr. Alfonso Asenjo cargo=Tens MQ 4°Turno - 21°
2026-04-15 07:25:23,252 [WARNING] scraper.empleos_publicos - evento=institucion_no_match scraper=scraper.empleos_publicos institucion=Instituto de Neurocirugía Dr. Alfonso Asenjo
2026-04-15 07:25:23,252 [WARNING] scraper.empleos_publicos - evento=skip_oferta_sin_match scraper=scraper.empleos_publicos institucion=Instituto de Neurocirugía Dr. Alfonso Asenjo cargo=Administrativo(a) Servicio Atención al Paciente - Grado 21°
2026-04-15 07:25:23,257 [WARNING] scraper.empleos_publicos - evento=institucion_no_match scraper=scraper.empleos_publicos institucion=Instituto de Neurocirugía Dr. Alfonso Asenjo
2026-04-15 07:25:23,257 [WARNING] scraper.empleos_publicos - evento=skip_oferta_sin_match scraper=scraper.empleos_publicos institucion=Instituto de Neurocirugía Dr. Alfonso Asenjo cargo=Auxiliar de Servicio Diurno - Unidad MQ 20°
2026-04-15 07:25:23,262 [WARNING] scraper.empleos_publicos - evento=institucion_no_match scraper=scraper.empleos_publicos institucion=Instituto Psiquiátrico Dr. José Horwitz Barak
2026-04-15 07:25:23,263 [WARNING] scraper.empleos_publicos - evento=skip_oferta_sin_match scraper=scraper.empleos_publicos institucion=Instituto Psiquiátrico Dr. José Horwitz Barak cargo=Técnico de Enfermería, 4° Turno, Contrata, Grado 15 EUS, para Dispositivo de Salud Mental del Centro Penitenciario Femenino, dependiente del Instituto Psiquiátrico "Dr. José Horwitz Barak"
2026-04-15 07:25:23,266 [WARNING] scraper.empleos_publicos - evento=institucion_no_match scraper=scraper.empleos_publicos institucion=Dirección Regional de Arica y Parinacota Servicio de Protección
2026-04-15 07:25:23,266 [WARNING] scraper.empleos_publicos - evento=skip_oferta_sin_match scraper=scraper.empleos_publicos institucion=Dirección Regional de Arica y Parinacota Servicio de Protección cargo=Reemplazo pre y post natal: Psicólogo(a) – Residencia Familiar Saucache – Región Arica y Parinacota – PRS 09.04.2026
2026-04-15 07:25:23,272 [WARNING] scraper.empleos_publicos - evento=institucion_no_match scraper=scraper.empleos_publicos institucion=Facultad de Ciencias Físicas y Matemáticas
2026-04-15 07:25:23,273 [WARNING] scraper.empleos_publicos - evento=skip_oferta_sin_match scraper=scraper.empleos_publicos institucion=Facultad de Ciencias Físicas y Matemáticas cargo=Ejecutivo(a) de Admisión y Ventas - Departamento de Ingeniería Industrial (DII) - Facultad de Ciencias Físicas y Matemáticas (FCFM)
2026-04-15 07:25:23,278 [WARNING] scraper.empleos_publicos - evento=institucion_no_match scraper=scraper.empleos_publicos institucion=Facultad de Ciencias Físicas y Matemáticas
2026-04-15 07:25:23,278 [WARNING] scraper.empleos_publicos - evento=skip_oferta_sin_match scraper=scraper.empleos_publicos institucion=Facultad de Ciencias Físicas y Matemáticas cargo=Técnico(a) Área de Cableado - Área de Infraestructura y Servicios - Facultad de Ciencias Físicas y Matemáticas (FCFM)
2026-04-15 07:25:23,285 [WARNING] scraper.empleos_publicos - evento=institucion_no_match scraper=scraper.empleos_publicos institucion=CRS "Dr. Salvador Allende Gossens"
2026-04-15 07:25:23,285 [WARNING] scraper.empleos_publicos - evento=skip_oferta_sin_match scraper=scraper.empleos_publicos institucion=CRS "Dr. Salvador Allende Gossens" cargo=MEDICO INTERNISTA (22 horas Contrata) - CRS-SAG Dr. Salvador Allende Gossens
2026-04-15 07:25:23,292 [WARNING] scraper.empleos_publicos - evento=institucion_no_match scraper=scraper.empleos_publicos institucion=Facultad de Ciencias Físicas y Matemáticas
2026-04-15 07:25:23,292 [WARNING] scraper.empleos_publicos - evento=skip_oferta_sin_match scraper=scraper.empleos_publicos institucion=Facultad de Ciencias Físicas y Matemáticas cargo=Asesor(a) de Aprendizaje Ingeniería y Ciencias - Escuela de Ingeniería y Ciencias - Facultad de Ciencias Físicas y Matemáticas (FCFM)
2026-04-15 07:25:23,300 [WARNING] scraper.empleos_publicos - evento=institucion_no_match scraper=scraper.empleos_publicos institucion=Complejo Asistencial Dr. Sótero del Río
2026-04-15 07:25:23,300 [WARNING] scraper.empleos_publicos - evento=skip_oferta_sin_match scraper=scraper.empleos_publicos institucion=Complejo Asistencial Dr. Sótero del Río cargo=Código 011: Físico(a) Médico(a) – Unidad de Medicina Nuclear - Depto. de Imagenología - Subdirección Unidades de Apoyo.
2026-04-15 07:25:23,305 [WARNING] scraper.empleos_publicos - evento=institucion_no_match scraper=scraper.empleos_publicos institucion=Dirección Regional Metropolitana Servicio de Protección
2026-04-15 07:25:23,305 [WARNING] scraper.empleos_publicos - evento=skip_oferta_sin_match scraper=scraper.empleos_publicos institucion=Dirección Regional Metropolitana Servicio de Protección cargo=Tutor (a) Diurno (a) - Residencia Familiar Las Hortensias - Región Metropolitana - PRS 07.04.2026
2026-04-15 07:25:23,317 [WARNING] scraper.empleos_publicos - evento=institucion_no_match scraper=scraper.empleos_publicos institucion=Dirección Regional de Magallanes SNRSJ
2026-04-15 07:25:23,318 [WARNING] scraper.empleos_publicos - evento=skip_oferta_sin_match scraper=scraper.empleos_publicos institucion=Dirección Regional de Magallanes SNRSJ cargo=SUPERVISOR TÉCNICO - PROFESIONAL - GRADO 12 EUS
2026-04-15 07:25:23,328 [WARNING] scraper.empleos_publicos - evento=institucion_no_match scraper=scraper.empleos_publicos institucion=Dirección Regional de Coquimbo SNRSJ
2026-04-15 07:25:23,328 [WARNING] scraper.empleos_publicos - evento=skip_oferta_sin_match scraper=scraper.empleos_publicos institucion=Dirección Regional de Coquimbo SNRSJ cargo=TUTORA O TUTOR NOCTURNO - IP IRC COQUIMBO - PRS N° 11
2026-04-15 07:25:23,338 [WARNING] scraper.empleos_publicos - evento=institucion_no_match scraper=scraper.empleos_publicos institucion=Servicio Local de Educación Pública de Santiago Centro
2026-04-15 07:25:23,339 [WARNING] scraper.empleos_publicos - evento=skip_oferta_sin_match scraper=scraper.empleos_publicos institucion=Servicio Local de Educación Pública de Santiago Centro cargo=COORDINADOR-A DE COMPRAS Y LOGÍSTICA
2026-04-15 07:25:23,345 [WARNING] scraper.empleos_publicos - evento=institucion_no_match scraper=scraper.empleos_publicos institucion=Dirección Regional del Biobío Servicio de Protección
2026-04-15 07:25:23,346 [WARNING] scraper.empleos_publicos - evento=skip_oferta_sin_match scraper=scraper.empleos_publicos institucion=Dirección Regional del Biobío Servicio de Protección cargo=Base de datos - Analista Unidad de Adopción Regional – Dirección Regional - Región Biobío – BBDD 02.04.2026
2026-04-15 07:25:23,355 [WARNING] scraper.empleos_publicos - evento=institucion_no_match scraper=scraper.empleos_publicos institucion=CRS "Dr. Salvador Allende Gossens"
2026-04-15 07:25:23,355 [WARNING] scraper.empleos_publicos - evento=skip_oferta_sin_match scraper=scraper.empleos_publicos institucion=CRS "Dr. Salvador Allende Gossens" cargo=PSIQUIATRA INFANTO JUVENIL - CENTRO INTEGRAL DE SALUD MENTAL INFANTO ADOLESCENTE DR. CARLOS LORCA TOBAR CRS SALVADOR ALLENDE GOSSENS - 44 hrs.
2026-04-15 07:25:24,122 [INFO] scraper.empleos_publicos - evento=fin scraper=scraper.empleos_publicos status=OK found=187 parsed=151 nuevas=151 actualizadas=0 cerradas=0 errores=0 duracion=69.58
2026-04-15 07:25:24,450 [INFO] scraper.generic.carabineros_de_chile_personal_civil - evento=inicio scraper=scraper.generic.carabineros_de_chile_personal_civil dry_run=False
2026-04-15 07:25:25,742 [INFO] scraper.generic.carabineros_de_chile_personal_civil - evento=generic_done scraper=scraper.generic.carabineros_de_chile_personal_civil mode=production candidatos=1 visitadas=1 fallidas=0 ofertas=1 duracion=1.29
2026-04-15 07:25:25,742 [INFO] scraper.generic.carabineros_de_chile_personal_civil - evento=ofertas_obtenidas scraper=scraper.generic.carabineros_de_chile_personal_civil cantidad=1
2026-04-15 07:25:25,902 [INFO] scraper.generic.carabineros_de_chile_personal_civil - evento=fin scraper=scraper.generic.carabineros_de_chile_personal_civil status=OK found=1 parsed=1 nuevas=1 actualizadas=0 cerradas=0 errores=0 duracion=1.45
2026-04-15 07:25:26,228 [INFO] scraper.generic.policia_de_investigaciones_personal_civil - evento=inicio scraper=scraper.generic.policia_de_investigaciones_personal_civil dry_run=False
2026-04-15 07:25:28,077 [INFO] scraper.generic.policia_de_investigaciones_personal_civil - evento=generic_done scraper=scraper.generic.policia_de_investigaciones_personal_civil mode=production candidatos=1 visitadas=1 fallidas=0 ofertas=0 duracion=1.85
2026-04-15 07:25:28,077 [INFO] scraper.generic.policia_de_investigaciones_personal_civil - evento=ofertas_obtenidas scraper=scraper.generic.policia_de_investigaciones_personal_civil cantidad=0
2026-04-15 07:25:28,077 [WARNING] scraper.generic.policia_de_investigaciones_personal_civil - evento=sin_ofertas scraper=scraper.generic.policia_de_investigaciones_personal_civil
2026-04-15 07:25:28,077 [INFO] scraper.generic.policia_de_investigaciones_personal_civil - evento=fin scraper=scraper.generic.policia_de_investigaciones_personal_civil status=OK found=0 parsed=0 nuevas=0 actualizadas=0 cerradas=0 errores=0 duracion=1.85
2026-04-15 07:25:28,510 [INFO] scraper.generic.municipalidad_de_arica - evento=inicio scraper=scraper.generic.municipalidad_de_arica dry_run=False
2026-04-15 07:25:31,632 [INFO] scraper.generic.municipalidad_de_arica - evento=generic_done scraper=scraper.generic.municipalidad_de_arica mode=production candidatos=1 visitadas=1 fallidas=0 ofertas=0 duracion=3.12
2026-04-15 07:25:31,633 [INFO] scraper.generic.municipalidad_de_arica - evento=ofertas_obtenidas scraper=scraper.generic.municipalidad_de_arica cantidad=0
2026-04-15 07:25:31,633 [WARNING] scraper.generic.municipalidad_de_arica - evento=sin_ofertas scraper=scraper.generic.municipalidad_de_arica
2026-04-15 07:25:31,633 [INFO] scraper.generic.municipalidad_de_arica - evento=fin scraper=scraper.generic.municipalidad_de_arica status=OK found=0 parsed=0 nuevas=0 actualizadas=0 cerradas=0 errores=0 duracion=3.12
2026-04-15 07:25:32,087 [INFO] scraper.wordpress.municipalidad_de_camarones - evento=inicio scraper=scraper.wordpress.municipalidad_de_camarones dry_run=False
2026-04-15 07:25:37,247 [INFO] scraper.wordpress.municipalidad_de_camarones - evento=request_terminal scraper=scraper.wordpress.municipalidad_de_camarones url=https://municamarones.cl/category/concursos-publicos/feed/json status=404
2026-04-15 07:25:37,247 [INFO] scraper.wordpress.municipalidad_de_camarones - evento=wordpress_feed_skip scraper=scraper.wordpress.municipalidad_de_camarones url=https://municamarones.cl/category/concursos-publicos/feed/json error=404 Client Error: Not Found for url: https://municamarones.cl/category/concursos-publicos/feed/json
2026-04-15 07:25:37,546 [INFO] scraper.wordpress.municipalidad_de_camarones - evento=request_terminal scraper=scraper.wordpress.municipalidad_de_camarones url=https://municamarones.cl/index.php/concurso-publicos/ status=403
2026-04-15 07:25:37,547 [INFO] scraper.wordpress.municipalidad_de_camarones - evento=wordpress_html_skip scraper=scraper.wordpress.municipalidad_de_camarones url=https://municamarones.cl/index.php/concurso-publicos/ error=403 Client Error: Forbidden for url: https://municamarones.cl/index.php/concurso-publicos/
2026-04-15 07:25:41,269 [INFO] scraper.wordpress.municipalidad_de_camarones - evento=ofertas_obtenidas scraper=scraper.wordpress.municipalidad_de_camarones cantidad=2
2026-04-15 07:25:41,451 [INFO] scraper.wordpress.municipalidad_de_camarones - evento=fin scraper=scraper.wordpress.municipalidad_de_camarones status=OK found=2 parsed=2 nuevas=2 actualizadas=0 cerradas=0 errores=0 duracion=9.36
2026-04-15 07:25:41,764 [INFO] scraper.wordpress.municipalidad_de_putre - evento=inicio scraper=scraper.wordpress.municipalidad_de_putre dry_run=False
2026-04-15 07:25:44,266 [INFO] scraper.wordpress.municipalidad_de_putre - evento=ofertas_obtenidas scraper=scraper.wordpress.municipalidad_de_putre cantidad=1
2026-04-15 07:25:44,445 [INFO] scraper.wordpress.municipalidad_de_putre - evento=fin scraper=scraper.wordpress.municipalidad_de_putre status=OK found=1 parsed=1 nuevas=1 actualizadas=0 cerradas=0 errores=0 duracion=2.68
2026-04-15 07:25:44,831 [INFO] scraper.generic.municipalidad_de_general_lagos - evento=inicio scraper=scraper.generic.municipalidad_de_general_lagos dry_run=False
2026-04-15 07:25:46,519 [INFO] scraper.generic.municipalidad_de_general_lagos - evento=request_terminal scraper=scraper.generic.municipalidad_de_general_lagos url=https://www.portalvisviri.cl/concursos-publicos status=404
2026-04-15 07:25:46,519 [INFO] scraper.generic.municipalidad_de_general_lagos - evento=generic_html_skip scraper=scraper.generic.municipalidad_de_general_lagos url=https://www.portalvisviri.cl/concursos-publicos error=HTTPError
2026-04-15 07:25:46,520 [INFO] scraper.generic.municipalidad_de_general_lagos - evento=generic_done scraper=scraper.generic.municipalidad_de_general_lagos mode=production candidatos=2 visitadas=2 fallidas=1 ofertas=0 duracion=1.69
2026-04-15 07:25:46,520 [INFO] scraper.generic.municipalidad_de_general_lagos - evento=ofertas_obtenidas scraper=scraper.generic.municipalidad_de_general_lagos cantidad=0
2026-04-15 07:25:46,520 [WARNING] scraper.generic.municipalidad_de_general_lagos - evento=sin_ofertas scraper=scraper.generic.municipalidad_de_general_lagos
2026-04-15 07:25:46,520 [INFO] scraper.generic.municipalidad_de_general_lagos - evento=fin scraper=scraper.generic.municipalidad_de_general_lagos status=OK found=0 parsed=0 nuevas=0 actualizadas=0 cerradas=0 errores=0 duracion=1.69
2026-04-15 07:25:46,869 [INFO] scraper.generic.municipalidad_de_iquique - evento=inicio scraper=scraper.generic.municipalidad_de_iquique dry_run=False
2026-04-15 07:25:48,278 [INFO] scraper.generic.municipalidad_de_iquique - evento=generic_done scraper=scraper.generic.municipalidad_de_iquique mode=production candidatos=1 visitadas=1 fallidas=0 ofertas=24 duracion=1.41
2026-04-15 07:25:48,279 [INFO] scraper.generic.municipalidad_de_iquique - evento=ofertas_obtenidas scraper=scraper.generic.municipalidad_de_iquique cantidad=24
2026-04-15 07:25:48,539 [INFO] scraper.generic.municipalidad_de_iquique - evento=fin scraper=scraper.generic.municipalidad_de_iquique status=OK found=24 parsed=24 nuevas=24 actualizadas=0 cerradas=0 errores=0 duracion=1.67
2026-04-15 07:25:49,017 [INFO] scraper.generic.municipalidad_de_alto_hospicio - evento=inicio scraper=scraper.generic.municipalidad_de_alto_hospicio dry_run=False
2026-04-15 07:25:52,878 [INFO] scraper.generic.municipalidad_de_alto_hospicio - evento=request_terminal scraper=scraper.generic.municipalidad_de_alto_hospicio url=https://maho.cl/concursos-publicos status=404
2026-04-15 07:25:52,878 [INFO] scraper.generic.municipalidad_de_alto_hospicio - evento=generic_html_skip scraper=scraper.generic.municipalidad_de_alto_hospicio url=https://maho.cl/concursos-publicos error=HTTPError
2026-04-15 07:25:52,878 [INFO] scraper.generic.municipalidad_de_alto_hospicio - evento=generic_done scraper=scraper.generic.municipalidad_de_alto_hospicio mode=production candidatos=2 visitadas=2 fallidas=1 ofertas=0 duracion=3.86
2026-04-15 07:25:52,878 [INFO] scraper.generic.municipalidad_de_alto_hospicio - evento=ofertas_obtenidas scraper=scraper.generic.municipalidad_de_alto_hospicio cantidad=0
2026-04-15 07:25:52,878 [WARNING] scraper.generic.municipalidad_de_alto_hospicio - evento=sin_ofertas scraper=scraper.generic.municipalidad_de_alto_hospicio
2026-04-15 07:25:52,879 [INFO] scraper.generic.municipalidad_de_alto_hospicio - evento=fin scraper=scraper.generic.municipalidad_de_alto_hospicio status=OK found=0 parsed=0 nuevas=0 actualizadas=0 cerradas=0 errores=0 duracion=3.86
2026-04-15 07:25:53,297 [INFO] scraper.wordpress.municipalidad_de_pozo_almonte - evento=inicio scraper=scraper.wordpress.municipalidad_de_pozo_almonte dry_run=False
2026-04-15 07:25:54,497 [INFO] scraper.wordpress.municipalidad_de_pozo_almonte - evento=request_terminal scraper=scraper.wordpress.municipalidad_de_pozo_almonte url=https://www.impa.gob.cl/wp-json/wp/v2/posts?per_page=20&page=1&after=2025-10-17T11:25:53 status=404
2026-04-15 07:25:54,497 [INFO] scraper.wordpress.municipalidad_de_pozo_almonte - evento=wordpress_rest_skip scraper=scraper.wordpress.municipalidad_de_pozo_almonte url=https://www.impa.gob.cl/wp-json/wp/v2/posts?per_page=20&page=1&after=2025-10-17T11:25:53 error=404 Client Error: Not Found for url: https://www.impa.gob.cl/wp-json/wp/v2/posts?per_page=20&page=1&after=2025-10-17T11:25:53
2026-04-15 07:25:55,359 [INFO] scraper.wordpress.municipalidad_de_pozo_almonte - evento=request_terminal scraper=scraper.wordpress.municipalidad_de_pozo_almonte url=https://www.impa.gob.cl/category/concursos-publicos/feed/json status=404
2026-04-15 07:25:55,359 [INFO] scraper.wordpress.municipalidad_de_pozo_almonte - evento=wordpress_feed_skip scraper=scraper.wordpress.municipalidad_de_pozo_almonte url=https://www.impa.gob.cl/category/concursos-publicos/feed/json error=404 Client Error: Not Found for url: https://www.impa.gob.cl/category/concursos-publicos/feed/json
2026-04-15 07:25:57,502 [INFO] scraper.wordpress.municipalidad_de_pozo_almonte - evento=ofertas_obtenidas scraper=scraper.wordpress.municipalidad_de_pozo_almonte cantidad=1
2026-04-15 07:25:57,668 [INFO] scraper.wordpress.municipalidad_de_pozo_almonte - evento=fin scraper=scraper.wordpress.municipalidad_de_pozo_almonte status=OK found=1 parsed=1 nuevas=1 actualizadas=0 cerradas=0 errores=0 duracion=4.37
2026-04-15 07:25:58,169 [INFO] scraper.generic.municipalidad_de_camina - evento=inicio scraper=scraper.generic.municipalidad_de_camina dry_run=False
2026-04-15 07:25:59,515 [WARNING] scraper.generic.municipalidad_de_camina - evento=request_ssl_insecure_retry scraper=scraper.generic.municipalidad_de_camina url=https://xn--municipalidaddecamia-m7b.cl
C:\Users\valen\AppData\Local\Programs\Python\Python314\Lib\site-packages\urllib3\connectionpool.py:1097: InsecureRequestWarning: Unverified HTTPS request is being made to host 'xn--municipalidaddecamia-m7b.cl'. Adding certificate verification is strongly advised. See: https://urllib3.readthedocs.io/en/latest/advanced-usage.html#tls-warnings
  warnings.warn(
C:\Users\valen\AppData\Local\Programs\Python\Python314\Lib\site-packages\urllib3\connectionpool.py:1097: InsecureRequestWarning: Unverified HTTPS request is being made to host 'cysp.cl'. Adding certificate verification is strongly advised. See: https://urllib3.readthedocs.io/en/latest/advanced-usage.html#tls-warnings
  warnings.warn(
2026-04-15 07:26:01,927 [WARNING] scraper.generic.municipalidad_de_camina - evento=request_ssl_insecure_retry scraper=scraper.generic.municipalidad_de_camina url=https://xn--municipalidaddecamia-m7b.cl/concursos-publicos
C:\Users\valen\AppData\Local\Programs\Python\Python314\Lib\site-packages\urllib3\connectionpool.py:1097: InsecureRequestWarning: Unverified HTTPS request is being made to host 'xn--municipalidaddecamia-m7b.cl'. Adding certificate verification is strongly advised. See: https://urllib3.readthedocs.io/en/latest/advanced-usage.html#tls-warnings
  warnings.warn(
2026-04-15 07:26:02,052 [INFO] scraper.generic.municipalidad_de_camina - evento=request_terminal scraper=scraper.generic.municipalidad_de_camina url=https://xn--municipalidaddecamia-m7b.cl/concursos-publicos status=404
2026-04-15 07:26:02,053 [INFO] scraper.generic.municipalidad_de_camina - evento=generic_html_skip scraper=scraper.generic.municipalidad_de_camina url=https://xn--municipalidaddecamia-m7b.cl/concursos-publicos error=HTTPError
2026-04-15 07:26:02,053 [INFO] scraper.generic.municipalidad_de_camina - evento=generic_done scraper=scraper.generic.municipalidad_de_camina mode=production candidatos=2 visitadas=2 fallidas=1 ofertas=0 duracion=3.88
2026-04-15 07:26:02,053 [INFO] scraper.generic.municipalidad_de_camina - evento=ofertas_obtenidas scraper=scraper.generic.municipalidad_de_camina cantidad=0
2026-04-15 07:26:02,053 [WARNING] scraper.generic.municipalidad_de_camina - evento=sin_ofertas scraper=scraper.generic.municipalidad_de_camina
2026-04-15 07:26:02,053 [INFO] scraper.generic.municipalidad_de_camina - evento=fin scraper=scraper.generic.municipalidad_de_camina status=OK found=0 parsed=0 nuevas=0 actualizadas=0 cerradas=0 errores=0 duracion=3.88
2026-04-15 07:26:02,426 [INFO] scraper.generic.municipalidad_de_colchane - evento=inicio scraper=scraper.generic.municipalidad_de_colchane dry_run=False
2026-04-15 07:26:06,478 [INFO] scraper.generic.municipalidad_de_colchane - evento=generic_done scraper=scraper.generic.municipalidad_de_colchane mode=production candidatos=2 visitadas=1 fallidas=0 ofertas=2 duracion=4.05
2026-04-15 07:26:06,479 [INFO] scraper.generic.municipalidad_de_colchane - evento=ofertas_obtenidas scraper=scraper.generic.municipalidad_de_colchane cantidad=2
2026-04-15 07:26:06,614 [INFO] scraper.generic.municipalidad_de_colchane - evento=fin scraper=scraper.generic.municipalidad_de_colchane status=OK found=2 parsed=2 nuevas=2 actualizadas=0 cerradas=0 errores=0 duracion=4.19
2026-04-15 07:26:06,962 [INFO] scraper.generic.municipalidad_de_huara - evento=inicio scraper=scraper.generic.municipalidad_de_huara dry_run=False
2026-04-15 07:26:08,999 [INFO] scraper.generic.municipalidad_de_huara - evento=generic_done scraper=scraper.generic.municipalidad_de_huara mode=production candidatos=2 visitadas=1 fallidas=0 ofertas=3 duracion=2.04
2026-04-15 07:26:08,999 [INFO] scraper.generic.municipalidad_de_huara - evento=ofertas_obtenidas scraper=scraper.generic.municipalidad_de_huara cantidad=3
2026-04-15 07:26:09,183 [INFO] scraper.generic.municipalidad_de_huara - evento=fin scraper=scraper.generic.municipalidad_de_huara status=OK found=3 parsed=3 nuevas=3 actualizadas=0 cerradas=0 errores=0 duracion=2.22
2026-04-15 07:26:09,550 [INFO] scraper.generic.municipalidad_de_pica - evento=inicio scraper=scraper.generic.municipalidad_de_pica dry_run=False
2026-04-15 07:26:10,754 [INFO] scraper.generic.municipalidad_de_pica - evento=request_terminal scraper=scraper.generic.municipalidad_de_pica url=https://www.pica.cl/concursos-publicos status=404
2026-04-15 07:26:10,755 [INFO] scraper.generic.municipalidad_de_pica - evento=generic_html_skip scraper=scraper.generic.municipalidad_de_pica url=https://www.pica.cl/concursos-publicos error=HTTPError
2026-04-15 07:26:10,755 [INFO] scraper.generic.municipalidad_de_pica - evento=generic_done scraper=scraper.generic.municipalidad_de_pica mode=production candidatos=2 visitadas=2 fallidas=1 ofertas=0 duracion=1.2
2026-04-15 07:26:10,755 [INFO] scraper.generic.municipalidad_de_pica - evento=ofertas_obtenidas scraper=scraper.generic.municipalidad_de_pica cantidad=0
2026-04-15 07:26:10,755 [WARNING] scraper.generic.municipalidad_de_pica - evento=sin_ofertas scraper=scraper.generic.municipalidad_de_pica
2026-04-15 07:26:10,755 [INFO] scraper.generic.municipalidad_de_pica - evento=fin scraper=scraper.generic.municipalidad_de_pica status=OK found=0 parsed=0 nuevas=0 actualizadas=0 cerradas=0 errores=0 duracion=1.21
2026-04-15 07:26:11,117 [INFO] scraper.generic.municipalidad_de_antofagasta - evento=inicio scraper=scraper.generic.municipalidad_de_antofagasta dry_run=False
2026-04-15 07:26:12,886 [INFO] scraper.generic.municipalidad_de_antofagasta - evento=generic_done scraper=scraper.generic.municipalidad_de_antofagasta mode=production candidatos=1 visitadas=1 fallidas=0 ofertas=4 duracion=1.77
2026-04-15 07:26:12,886 [INFO] scraper.generic.municipalidad_de_antofagasta - evento=ofertas_obtenidas scraper=scraper.generic.municipalidad_de_antofagasta cantidad=4
2026-04-15 07:26:13,065 [INFO] scraper.generic.municipalidad_de_antofagasta - evento=fin scraper=scraper.generic.municipalidad_de_antofagasta status=OK found=4 parsed=4 nuevas=3 actualizadas=1 cerradas=0 errores=0 duracion=1.95
2026-04-15 07:26:13,401 [INFO] scraper.wordpress.municipalidad_de_mejillones - evento=inicio scraper=scraper.wordpress.municipalidad_de_mejillones dry_run=False
2026-04-15 07:26:14,907 [INFO] scraper.wordpress.municipalidad_de_mejillones - evento=request_terminal scraper=scraper.wordpress.municipalidad_de_mejillones url=https://www.mejillones.cl/wp-json/wp/v2/posts?per_page=20&page=1&after=2025-10-17T11:26:13 status=403
2026-04-15 07:26:14,907 [INFO] scraper.wordpress.municipalidad_de_mejillones - evento=wordpress_rest_skip scraper=scraper.wordpress.municipalidad_de_mejillones url=https://www.mejillones.cl/wp-json/wp/v2/posts?per_page=20&page=1&after=2025-10-17T11:26:13 error=403 Client Error: Forbidden for url: https://www.mejillones.cl/wp-json/wp/v2/posts?per_page=20&page=1&after=2025-10-17T11:26:13
2026-04-15 07:26:17,007 [INFO] scraper.wordpress.municipalidad_de_mejillones - evento=request_terminal scraper=scraper.wordpress.municipalidad_de_mejillones url=https://www.mejillones.cl/category/concursos-publicos/feed/json status=404
2026-04-15 07:26:17,007 [INFO] scraper.wordpress.municipalidad_de_mejillones - evento=wordpress_feed_skip scraper=scraper.wordpress.municipalidad_de_mejillones url=https://www.mejillones.cl/category/concursos-publicos/feed/json error=404 Client Error: Not Found for url: https://www.mejillones.cl/category/concursos-publicos/feed/json
2026-04-15 07:26:19,069 [INFO] scraper.wordpress.municipalidad_de_mejillones - evento=request_terminal scraper=scraper.wordpress.municipalidad_de_mejillones url=https://atencion.mejillones.cl/empleos status=404
2026-04-15 07:26:19,070 [INFO] scraper.wordpress.municipalidad_de_mejillones - evento=wordpress_html_skip scraper=scraper.wordpress.municipalidad_de_mejillones url=https://atencion.mejillones.cl/empleos error=404 Client Error: Not Found for url: https://atencion.mejillones.cl/empleos
2026-04-15 07:26:21,378 [INFO] scraper.wordpress.municipalidad_de_mejillones - evento=ofertas_obtenidas scraper=scraper.wordpress.municipalidad_de_mejillones cantidad=6
2026-04-15 07:26:21,565 [INFO] scraper.wordpress.municipalidad_de_mejillones - evento=fin scraper=scraper.wordpress.municipalidad_de_mejillones status=OK found=6 parsed=6 nuevas=6 actualizadas=0 cerradas=0 errores=0 duracion=8.16
2026-04-15 07:26:21,895 [INFO] scraper.wordpress.municipalidad_de_sierra_gorda - evento=inicio scraper=scraper.wordpress.municipalidad_de_sierra_gorda dry_run=False
2026-04-15 07:26:24,211 [INFO] scraper.wordpress.municipalidad_de_sierra_gorda - evento=request_terminal scraper=scraper.wordpress.municipalidad_de_sierra_gorda url=https://municipalidadsierragorda.cl/wp-json/wp/v2/posts?per_page=20&page=1&after=2025-10-17T11:26:21 status=401
2026-04-15 07:26:24,211 [INFO] scraper.wordpress.municipalidad_de_sierra_gorda - evento=wordpress_rest_skip scraper=scraper.wordpress.municipalidad_de_sierra_gorda url=https://municipalidadsierragorda.cl/wp-json/wp/v2/posts?per_page=20&page=1&after=2025-10-17T11:26:21 error=401 Client Error: Unauthorized for url: https://municipalidadsierragorda.cl/wp-json/wp/v2/posts?per_page=20&page=1&after=2025-10-17T11:26:21
2026-04-15 07:26:25,485 [INFO] scraper.wordpress.municipalidad_de_sierra_gorda - evento=request_terminal scraper=scraper.wordpress.municipalidad_de_sierra_gorda url=https://municipalidadsierragorda.cl/category/concursos-publicos/feed/json status=404
2026-04-15 07:26:25,485 [INFO] scraper.wordpress.municipalidad_de_sierra_gorda - evento=wordpress_feed_skip scraper=scraper.wordpress.municipalidad_de_sierra_gorda url=https://municipalidadsierragorda.cl/category/concursos-publicos/feed/json error=404 Client Error: Not Found for url: https://municipalidadsierragorda.cl/category/concursos-publicos/feed/json
2026-04-15 07:26:30,009 [INFO] scraper.wordpress.municipalidad_de_sierra_gorda - evento=ofertas_obtenidas scraper=scraper.wordpress.municipalidad_de_sierra_gorda cantidad=0
2026-04-15 07:26:30,009 [WARNING] scraper.wordpress.municipalidad_de_sierra_gorda - evento=sin_ofertas scraper=scraper.wordpress.municipalidad_de_sierra_gorda
2026-04-15 07:26:30,009 [INFO] scraper.wordpress.municipalidad_de_sierra_gorda - evento=fin scraper=scraper.wordpress.municipalidad_de_sierra_gorda status=OK found=0 parsed=0 nuevas=0 actualizadas=0 cerradas=0 errores=0 duracion=8.11
2026-04-15 07:26:30,365 [INFO] scraper.wordpress.municipalidad_de_taltal - evento=inicio scraper=scraper.wordpress.municipalidad_de_taltal dry_run=False
2026-04-15 07:26:31,308 [WARNING] scraper.wordpress.municipalidad_de_taltal - evento=request_retry scraper=scraper.wordpress.municipalidad_de_taltal url=https://portal.municipalidadtaltal.cl/wp-json/wp/v2/posts?per_page=20&page=1&after=2025-10-17T11:26:30 intento=1 status=500 espera=0.5
2026-04-15 07:26:33,401 [WARNING] scraper.wordpress.municipalidad_de_taltal - evento=request_retry scraper=scraper.wordpress.municipalidad_de_taltal url=https://portal.municipalidadtaltal.cl/wp-json/wp/v2/posts?per_page=20&page=1&after=2025-10-17T11:26:30 intento=2 status=500 espera=1.0
2026-04-15 07:26:35,376 [INFO] scraper.wordpress.municipalidad_de_taltal - evento=wordpress_rest_skip scraper=scraper.wordpress.municipalidad_de_taltal url=https://portal.municipalidadtaltal.cl/wp-json/wp/v2/posts?per_page=20&page=1&after=2025-10-17T11:26:30 error=500 Server Error: Internal Server Error for url: https://portal.municipalidadtaltal.cl/wp-json/wp/v2/posts?per_page=20&page=1&after=2025-10-17T11:26:30
2026-04-15 07:26:37,366 [WARNING] scraper.wordpress.municipalidad_de_taltal - evento=request_retry scraper=scraper.wordpress.municipalidad_de_taltal url=https://portal.municipalidadtaltal.cl/category/concursos-publicos/feed/json intento=1 status=500 espera=0.5
2026-04-15 07:26:39,360 [WARNING] scraper.wordpress.municipalidad_de_taltal - evento=request_retry scraper=scraper.wordpress.municipalidad_de_taltal url=https://portal.municipalidadtaltal.cl/category/concursos-publicos/feed/json intento=2 status=500 espera=1.0
2026-04-15 07:26:41,416 [INFO] scraper.wordpress.municipalidad_de_taltal - evento=wordpress_feed_skip scraper=scraper.wordpress.municipalidad_de_taltal url=https://portal.municipalidadtaltal.cl/category/concursos-publicos/feed/json error=500 Server Error: Internal Server Error for url: https://portal.municipalidadtaltal.cl/category/concursos-publicos/feed/json
2026-04-15 07:26:46,579 [INFO] scraper.wordpress.municipalidad_de_taltal - evento=ofertas_obtenidas scraper=scraper.wordpress.municipalidad_de_taltal cantidad=0
2026-04-15 07:26:46,580 [WARNING] scraper.wordpress.municipalidad_de_taltal - evento=sin_ofertas scraper=scraper.wordpress.municipalidad_de_taltal
2026-04-15 07:26:46,580 [INFO] scraper.wordpress.municipalidad_de_taltal - evento=fin scraper=scraper.wordpress.municipalidad_de_taltal status=OK found=0 parsed=0 nuevas=0 actualizadas=0 cerradas=0 errores=0 duracion=16.21
2026-04-15 07:26:46,919 [INFO] scraper.generic.municipalidad_de_calama - evento=inicio scraper=scraper.generic.municipalidad_de_calama dry_run=False
2026-04-15 07:26:48,137 [INFO] scraper.generic.municipalidad_de_calama - evento=request_terminal scraper=scraper.generic.municipalidad_de_calama url=https://municipalidadcalama.cl/concursos-publicos status=404
2026-04-15 07:26:48,138 [INFO] scraper.generic.municipalidad_de_calama - evento=generic_html_skip scraper=scraper.generic.municipalidad_de_calama url=https://municipalidadcalama.cl/concursos-publicos error=HTTPError
2026-04-15 07:26:48,138 [INFO] scraper.generic.municipalidad_de_calama - evento=generic_done scraper=scraper.generic.municipalidad_de_calama mode=production candidatos=2 visitadas=2 fallidas=1 ofertas=0 duracion=1.22
2026-04-15 07:26:48,138 [INFO] scraper.generic.municipalidad_de_calama - evento=ofertas_obtenidas scraper=scraper.generic.municipalidad_de_calama cantidad=0
2026-04-15 07:26:48,138 [WARNING] scraper.generic.municipalidad_de_calama - evento=sin_ofertas scraper=scraper.generic.municipalidad_de_calama
2026-04-15 07:26:48,141 [INFO] scraper.generic.municipalidad_de_calama - evento=fin scraper=scraper.generic.municipalidad_de_calama status=OK found=0 parsed=0 nuevas=0 actualizadas=0 cerradas=0 errores=0 duracion=1.22
2026-04-15 07:26:48,603 [INFO] scraper.generic.municipalidad_de_ollague - evento=inicio scraper=scraper.generic.municipalidad_de_ollague dry_run=False
2026-04-15 07:26:50,170 [INFO] scraper.generic.municipalidad_de_ollague - evento=generic_done scraper=scraper.generic.municipalidad_de_ollague mode=production candidatos=1 visitadas=1 fallidas=0 ofertas=0 duracion=1.57
2026-04-15 07:26:50,171 [INFO] scraper.generic.municipalidad_de_ollague - evento=ofertas_obtenidas scraper=scraper.generic.municipalidad_de_ollague cantidad=0
2026-04-15 07:26:50,171 [WARNING] scraper.generic.municipalidad_de_ollague - evento=sin_ofertas scraper=scraper.generic.municipalidad_de_ollague
2026-04-15 07:26:50,171 [INFO] scraper.generic.municipalidad_de_ollague - evento=fin scraper=scraper.generic.municipalidad_de_ollague status=OK found=0 parsed=0 nuevas=0 actualizadas=0 cerradas=0 errores=0 duracion=1.57
2026-04-15 07:26:50,528 [INFO] scraper.generic.municipalidad_de_san_pedro_de_atacama - evento=inicio scraper=scraper.generic.municipalidad_de_san_pedro_de_atacama dry_run=False
2026-04-15 07:26:52,278 [INFO] scraper.generic.municipalidad_de_san_pedro_de_atacama - evento=generic_done scraper=scraper.generic.municipalidad_de_san_pedro_de_atacama mode=production candidatos=2 visitadas=1 fallidas=0 ofertas=1 duracion=1.75
2026-04-15 07:26:52,279 [INFO] scraper.generic.municipalidad_de_san_pedro_de_atacama - evento=ofertas_obtenidas scraper=scraper.generic.municipalidad_de_san_pedro_de_atacama cantidad=1
2026-04-15 07:26:52,487 [INFO] scraper.generic.municipalidad_de_san_pedro_de_atacama - evento=fin scraper=scraper.generic.municipalidad_de_san_pedro_de_atacama status=OK found=1 parsed=1 nuevas=1 actualizadas=0 cerradas=0 errores=0 duracion=1.96
2026-04-15 07:26:52,811 [INFO] scraper.wordpress.municipalidad_de_tocopilla - evento=inicio scraper=scraper.wordpress.municipalidad_de_tocopilla dry_run=False
2026-04-15 07:26:54,580 [INFO] scraper.wordpress.municipalidad_de_tocopilla - evento=request_terminal scraper=scraper.wordpress.municipalidad_de_tocopilla url=https://imtocopilla.cl/wp-json/wp/v2/posts?per_page=20&page=1&after=2025-10-17T11:26:52 status=401
2026-04-15 07:26:54,580 [INFO] scraper.wordpress.municipalidad_de_tocopilla - evento=wordpress_rest_skip scraper=scraper.wordpress.municipalidad_de_tocopilla url=https://imtocopilla.cl/wp-json/wp/v2/posts?per_page=20&page=1&after=2025-10-17T11:26:52 error=401 Client Error: Unauthorized for url: https://imtocopilla.cl/wp-json/wp/v2/posts?per_page=20&page=1&after=2025-10-17T11:26:52
2026-04-15 07:26:56,096 [INFO] scraper.wordpress.municipalidad_de_tocopilla - evento=request_terminal scraper=scraper.wordpress.municipalidad_de_tocopilla url=https://imtocopilla.cl/category/concursos-publicos/feed/json status=404
2026-04-15 07:26:56,096 [INFO] scraper.wordpress.municipalidad_de_tocopilla - evento=wordpress_feed_skip scraper=scraper.wordpress.municipalidad_de_tocopilla url=https://imtocopilla.cl/category/concursos-publicos/feed/json error=404 Client Error: Not Found for url: https://imtocopilla.cl/category/concursos-publicos/feed/json
2026-04-15 07:26:57,506 [INFO] scraper.wordpress.municipalidad_de_tocopilla - evento=ofertas_obtenidas scraper=scraper.wordpress.municipalidad_de_tocopilla cantidad=1
2026-04-15 07:26:57,629 [INFO] scraper.wordpress.municipalidad_de_tocopilla - evento=fin scraper=scraper.wordpress.municipalidad_de_tocopilla status=OK found=1 parsed=1 nuevas=1 actualizadas=0 cerradas=0 errores=0 duracion=4.82
2026-04-15 07:26:58,131 [INFO] scraper.wordpress.municipalidad_de_maria_elena - evento=inicio scraper=scraper.wordpress.municipalidad_de_maria_elena dry_run=False
2026-04-15 07:27:01,566 [INFO] scraper.wordpress.municipalidad_de_maria_elena - evento=request_terminal scraper=scraper.wordpress.municipalidad_de_maria_elena url=https://www.mariaelena.cl/category/concursos-publicos/feed/json status=404
2026-04-15 07:27:01,589 [INFO] scraper.wordpress.municipalidad_de_maria_elena - evento=wordpress_feed_skip scraper=scraper.wordpress.municipalidad_de_maria_elena url=https://www.mariaelena.cl/category/concursos-publicos/feed/json error=404 Client Error: Not Found for url: https://mariaelena.cl/category/concursos-publicos/feed/json
2026-04-15 07:27:04,597 [INFO] scraper.wordpress.municipalidad_de_maria_elena - evento=ofertas_obtenidas scraper=scraper.wordpress.municipalidad_de_maria_elena cantidad=0
2026-04-15 07:27:04,597 [WARNING] scraper.wordpress.municipalidad_de_maria_elena - evento=sin_ofertas scraper=scraper.wordpress.municipalidad_de_maria_elena
2026-04-15 07:27:04,597 [INFO] scraper.wordpress.municipalidad_de_maria_elena - evento=fin scraper=scraper.wordpress.municipalidad_de_maria_elena status=OK found=0 parsed=0 nuevas=0 actualizadas=0 cerradas=0 errores=0 duracion=6.47
2026-04-15 07:27:04,965 [INFO] scraper.wordpress.municipalidad_de_copiapo - evento=inicio scraper=scraper.wordpress.municipalidad_de_copiapo dry_run=False
2026-04-15 07:27:06,412 [INFO] scraper.wordpress.municipalidad_de_copiapo - evento=request_terminal scraper=scraper.wordpress.municipalidad_de_copiapo url=https://copiapo.cl/wp-json/wp/v2/posts?per_page=20&page=1&after=2025-10-17T11:27:04 status=401
2026-04-15 07:27:06,412 [INFO] scraper.wordpress.municipalidad_de_copiapo - evento=wordpress_rest_skip scraper=scraper.wordpress.municipalidad_de_copiapo url=https://copiapo.cl/wp-json/wp/v2/posts?per_page=20&page=1&after=2025-10-17T11:27:04 error=401 Client Error: Unauthorized for url: https://copiapo.cl/wp-json/wp/v2/posts?per_page=20&page=1&after=2025-10-17T11:27:04
2026-04-15 07:27:08,255 [INFO] scraper.wordpress.municipalidad_de_copiapo - evento=request_terminal scraper=scraper.wordpress.municipalidad_de_copiapo url=https://copiapo.cl/category/concursos-publicos/feed/json status=404
2026-04-15 07:27:08,256 [INFO] scraper.wordpress.municipalidad_de_copiapo - evento=wordpress_feed_skip scraper=scraper.wordpress.municipalidad_de_copiapo url=https://copiapo.cl/category/concursos-publicos/feed/json error=404 Client Error: Not Found for url: https://copiapo.cl/category/concursos-publicos/feed/json
